Start testing: Aug 30 19:14 -03
----------------------------------------------------------
1/1 Testing: core
1/1 Test: core
Command: "/Users/lunks/code/stray-dlss/build-local/stray_dlss_tests"
Directory: /Users/lunks/code/stray-dlss/build-local
"core" start time: Aug 30 19:14 -03
Output:
----------------------------------------------------------
[doctest] doctest version is "2.4.12"
[doctest] run with "--help" for options
===============================================================================
[doctest] test cases:  11 |  11 passed | 0 failed | 0 skipped
[doctest] assertions: 568 | 568 passed | 0 failed |
[doctest] Status: SUCCESS!
<end of output>
Test time =   0.37 sec
----------------------------------------------------------
Test Passed.
"core" end time: Aug 30 19:14 -03
"core" time elapsed: 00:00:00
----------------------------------------------------------

End testing: Aug 30 19:14 -03
